问题1.(1).
插值区间为[-1,1], n = 5, f(x) = e^x
x = -0.9500, y = 0.3868
x = -0.0500, y = 0.9512
x = 0.0500, y = 1.0513
x = 0.9500, y = 2.5858

插值区间为[-1,1], n = 10, f(x) = e^x
x = -0.9500, y = 0.3867
x = -0.0500, y = 0.9512
x = 0.0500, y = 1.0513
x = 0.9500, y = 2.5857

插值区间为[-1,1], n = 20, f(x) = e^x
x = -0.9500, y = 0.3867
x = -0.0500, y = 0.9512
x = 0.0500, y = 1.0513
x = 0.9500, y = 2.5857

实际值为: 
x = -0.9500, y = 0.5256
x = -0.0500, y = 0.9975
x = 0.0500, y = 0.9975
x = 0.9500, y = 0.5256


问题1.(2).
插值区间为[-1,1], n = 5, f(x) = e^x
x = -0.9500, y = 0.3868
x = -0.0500, y = 0.9512
x = 0.0500, y = 1.0513
x = 0.9500, y = 2.5858

插值区间为[-1,1], n = 10, f(x) = e^x
x = -0.9500, y = 0.3867
x = -0.0500, y = 0.9512
x = 0.0500, y = 1.0513
x = 0.9500, y = 2.5857

插值区间为[-1,1], n = 20, f(x) = e^x
x = -0.9500, y = 0.3867
x = -0.0500, y = 0.9512
x = 0.0500, y = 1.0513
x = 0.9500, y = 2.5857

实际值为: 
x = -0.9500, y = 0.5256
x = -0.0500, y = 0.9975
x = 0.0500, y = 0.9975
x = 0.9500, y = 0.5256


问题2.(1).
插值区间为[-1,1], n = 5, f(x) = 1/(1+x^2)
x = -0.9500, y = 0.5171
x = -0.0500, y = 0.9928
x = 0.0500, y = 0.9928
x = 0.9500, y = 0.5171

插值区间为[-1,1], n = 10, f(x) = 1/(1+x^2)
x = -0.9500, y = 0.5264
x = -0.0500, y = 0.9975
x = 0.0500, y = 0.9975
x = 0.9500, y = 0.5264

插值区间为[-1,1], n = 20, f(x) = 1/(1+x^2)
x = -0.9500, y = 0.5256
x = -0.0500, y = 0.9975
x = 0.0500, y = 0.9975
x = 0.9500, y = 0.5256

实际值为: 
x = -0.9500, y = 0.5256
x = -0.0500, y = 0.9975
x = 0.0500, y = 0.9975
x = 0.9500, y = 0.5256


问题2.(2).
插值区间为[-5,5], n = 5, f(x) = e^x
x = -4.7500, y = 1.1470
x = -0.2500, y = 1.3022
x = 0.2500, y = 1.8412
x = 4.7500, y = 119.6210

插值区间为[-5,5], n = 10, f(x) = e^x
x = -4.7500, y = -0.0020
x = -0.2500, y = 0.7787
x = 0.2500, y = 1.2841
x = 4.7500, y = 115.6074

插值区间为[-5,5], n = 20, f(x) = e^x
x = -4.7500, y = 0.0087
x = -0.2500, y = 0.7788
x = 0.2500, y = 1.2840
x = 4.7500, y = 115.5843

实际值为: 
x = -4.7500, y = 0.0087
x = -0.2500, y = 0.7788
x = 0.2500, y = 1.2840
x = 4.7500, y = 115.5843


问题4
(1).
x =   5.0000, y =   2.2667
x =  50.0000, y = -20.2333
x = 115.0000, y = -171.9000
x = 185.0000, y = -492.7333
(2).
x =   5.0000, y =   3.1158
x =  50.0000, y =   7.0718
x = 115.0000, y =  10.1670
x = 185.0000, y =  10.0388
(3).
x =   5.0000, y =   4.4391
x =  50.0000, y =   7.2850
x = 115.0000, y =  10.7228
x = 185.0000, y =  13.5357
(4).
x =   5.0000, y =   5.4972
x =  50.0000, y =   7.8001
x = 115.0000, y =  10.8005
x = 185.0000, y =  13.6006

实际值为: 
x =   5.0000, y =   2.2361
x =  50.0000, y =   7.0711
x = 115.0000, y =  10.7238
x = 185.0000, y =  13.6015