(1)
积分∫_0.0^1.0[x^2*e^2]dx的运算结果是:0.7182818284623739, (epsilon = 10E-6)
龙贝格T-数表:
  1.35914091
  0.72783385  0.88566062
  0.71831320  0.71890824  0.76059633
  0.71828185  0.71828234  0.71832146  0.72889018
  0.71828183  0.71828183  0.71828184  0.71828431  0.72093578

(2)
积分∫_1.0^3.0[e^xsinx]dx的运算结果是:10.950170314683838, (epsilon = 10E-6)
龙贝格T-数表:
  5.12182642
 10.66574174  9.27976291
 10.95204539 10.93415141 10.52055428
 10.95018107 10.95021020 10.94920653 10.84204347
 10.95017031 10.95017035 10.95017097 10.95011070 10.92309389
 10.95017031 10.95017031 10.95017031 10.95017033 10.95016660 10.94339842

(3)
积分∫_0.0^1.0[4/(1+x^2)]dx的运算结果是:3.141592653638244, (epsilon = 10E-6)
龙贝格T-数表:
  3.00000000
  3.13333333  3.10000000
  3.14211765  3.14156863  3.13117647
  3.14158578  3.14159409  3.14159250  3.13898849
  3.14159267  3.14159264  3.14159266  3.14159265  3.14094161
  3.14159265  3.14159265  3.14159265  3.14159265  3.14159265  3.14142989

(4)
积分∫_0.0^1.0[1/(1+x)]dx的运算结果是:0.6931471819167452, (epsilon = 10E-6)
龙贝格T-数表:
  0.75000000
  0.69444444  0.70833333
  0.69317460  0.69325397  0.69702381
  0.69314748  0.69314790  0.69315453  0.69412185
  0.69314718  0.69314718  0.69314719  0.69314765  0.69339120


  